<?xml version="1.0" encoding="UTF-8"?>
<!-- Generated by org.testng.reporters.JUnitReportReporter -->
<testsuite hostname="Dilip" failures="0" tests="21" name="runner.TestRunner" time="195.870" errors="0" timestamp="2025-09-08T09:34:44 IST" skipped="0">
  <testcase classname="runner.TestRunner" name="runScenario" time="10.773"/>
  <system-out/>
  <testcase classname="runner.TestRunner" name="runScenario" time="3.411"/>
  <system-out/>
  <testcase classname="runner.TestRunner" name="runScenario" time="6.181"/>
  <system-out/>
  <testcase classname="runner.TestRunner" name="runScenario" time="6.423"/>
  <system-out/>
  <testcase classname="runner.TestRunner" name="runScenario" time="6.692"/>
  <system-out/>
  <testcase classname="runner.TestRunner" name="runScenario" time="6.607"/>
  <system-out/>
  <testcase classname="runner.TestRunner" name="runScenario" time="6.188"/>
  <system-out/>
  <testcase classname="runner.TestRunner" name="runScenario" time="3.039"/>
  <system-out/>
  <testcase classname="runner.TestRunner" name="runScenario" time="6.310"/>
  <system-out/>
  <testcase classname="runner.TestRunner" name="runScenario" time="9.547"/>
  <system-out/>
  <testcase classname="runner.TestRunner" name="runScenario" time="10.259"/>
  <system-out/>
  <testcase classname="runner.TestRunner" name="runScenario" time="6.638"/>
  <system-out/>
  <testcase classname="runner.TestRunner" name="runScenario" time="3.383"/>
  <system-out/>
  <testcase classname="runner.TestRunner" name="runScenario" time="3.285"/>
  <system-out/>
  <testcase classname="runner.TestRunner" name="runScenario" time="32.837"/>
  <system-out/>
  <testcase classname="runner.TestRunner" name="runScenario" time="24.521"/>
  <system-out/>
  <testcase classname="runner.TestRunner" name="runScenario" time="12.844"/>
  <system-out/>
  <testcase classname="runner.TestRunner" name="runScenario" time="10.088"/>
  <system-out/>
  <testcase classname="runner.TestRunner" name="runScenario" time="6.478"/>
  <system-out/>
  <testcase classname="runner.TestRunner" name="runScenario" time="10.134"/>
  <system-out/>
  <testcase classname="runner.TestRunner" name="runScenario" time="10.232"/>
  <system-out/>
</testsuite> <!-- runner.TestRunner -->
